M  OPTIMIZATION_BACKLOG.md
A  git.log
A  realty_app/.vite.log
M  realty_app/README.md
A  "realty_app/changelog/2026-07-12-v0.11.0-\345\255\246\345\214\272\346\272\242\344\273\267\346\246\234.md"
A  realty_app/dev.log
A  realty_app/e2e-screenshots/smoke_district_trend_FAIL.png
A  realty_app/e2e-screenshots/smoke_district_trend_gz.png
A  realty_app/e2e-screenshots/smoke_district_trend_sz.png
A  realty_app/e2e-screenshots/smoke_map.png
A  realty_app/e2e-screenshots/smoke_map_initial.png
A  realty_app/e2e-screenshots/smoke_map_listings.png
A  realty_app/e2e-screenshots/smoke_map_sz.png
A  realty_app/e2e-screenshots/smoke_wangqian_heatmap_FAIL.png
A  realty_app/e2e-screenshots/smoke_wangqian_heatmap_gz.png
A  realty_app/e2e-screenshots/smoke_wangqian_heatmap_sz.png
M  realty_app/package.json
A  realty_app/scripts/compute_school_premium.py
A  realty_app/scripts/enrich_school_districts.py
M  realty_app/src/local/dataRefresher.ts
M  realty_app/src/local/importer.ts
M  realty_app/src/local/queries.ts
M  realty_app/src/local/seedSnapshot.ts
M  realty_app/src/local/store.ts
M  realty_app/src/local/types.ts
M  realty_app/src/manifest.json
M  realty_app/src/pages/dashboard/dashboard.vue
M  realty_app/src/pages/settings/settings.vue
A  realty_app/static/seed/school_premium_community.csv
A  realty_app/static/seed/school_premium_district.csv
M  realty_app/static/seed/schools.csv
M  realty_app/tests/buildIntegrity.test.ts
A  realty_app/tests/e2e-screenshots/debug_sz.png
A  realty_app/tests/e2e-screenshots/smoke_school_premium_FAIL.png
A  realty_app/tests/e2e-screenshots/smoke_school_premium_gz.png
A  realty_app/tests/e2e-screenshots/smoke_school_premium_sz.png
A  realty_app/tests/e2e/smoke_school_premium.mjs
